../data/raw/s2orc/20250425_113502_00036_sv8h7_13236195-2c3e-4876-b42d-3091b8ff0ece.gz
../data/raw/s2orc/20250425_113502_00036_sv8h7_0a5ff529-1822-4c7a-861d-1a30b6d96a4d.gz
../data/raw/s2orc/20250425_113502_00036_sv8h7_1657e676-c7de-488f-a4aa-0f75c0c62669.gz
../data/raw/s2orc/20250425_113502_00036_sv8h7_1219b922-5e87-4610-8447-a1b57a34625d.gz
../data/raw/s2orc/20250425_113502_00036_sv8h7_033bf465-0cc7-401a-991c-01857fe91606.gz
../data/raw/s2orc/20250425_113502_00036_sv8h7_05186f24-8988-4922-9e27-1fa738badf18.gz
../data/raw/s2orc/20250425_113502_00036_sv8h7_06624cf2-aae8-4e98-a776-9628a4c0c6a0.gz
../data/raw/s2orc/20250425_113502_00036_sv8h7_06a9cda7-e146-47bb-81c4-27f1047059c6.gz
../data/raw/s2orc/20250425_113502_00036_sv8h7_0885eb7e-1147-4c3d-9fef-e4fbef84f3a2.gz
../data/raw/s2orc/20250425_113502_00036_sv8h7_09287823-e60f-4670-8cbb-8880853e1649.gz
../data/raw/s2orc/20250425_113502_00036_sv8h7_0a4aca35-1eed-47f3-b4c8-3bda1d3345b6.gz
../data/raw/s2orc/20250425_113502_00036_sv8h7_0b6f5200-9294-46e1-bb8d-57e4050cca9a.gz
../data/raw/s2orc/20250425_113502_00036_sv8h7_0bf8670e-bf0c-4951-b2cb-901358501210.gz
../data/raw/s2orc/20250425_113502_00036_sv8h7_0d025f84-21df-4030-899f-3ca368f2eb65.gz
../data/raw/s2orc/20250425_113502_00036_sv8h7_0e90fd18-99a6-45fe-a805-ad74da5bcf53.gz
../data/raw/s2orc/20250425_113502_00036_sv8h7_10efd39a-41c8-4adf-9797-23e9ce3ccc83.gz
../data/raw/s2orc/20250425_113502_00036_sv8h7_117c27a9-e4a7-4c9c-aa8c-b857dc5384ab.gz
../data/raw/s2orc/20250425_113502_00036_sv8h7_11dce709-721a-4565-a8ac-85cff00f0132.gz
../data/raw/s2orc/20250425_113502_00036_sv8h7_136767aa-96e4-4379-80db-e4e5ca823182.gz
../data/raw/s2orc/20250425_113502_00036_sv8h7_143705a5-7e03-4d78-a513-e3cfa5705225.gz
../data/raw/s2orc/20250425_113502_00036_sv8h7_14510037-2d1c-408d-a26a-59d1538f6914.gz
../data/raw/s2orc/20250425_113502_00036_sv8h7_1631e96c-5199-4cc3-b2f5-6a25b5fe41c3.gz
../data/raw/s2orc/20250425_113502_00036_sv8h7_165c5bcb-7168-46b8-919c-ac2cf039f6ef.gz
../data/raw/s2orc/20250425_113502_00036_sv8h7_174034c6-c36a-4fad-a48e-ac1c06a13f6e.gz
../data/raw/s2orc/20250425_113502_00036_sv8h7_1985f03b-a8b3-4ddc-b53d-0fdd8724cd34.gz
../data/raw/s2orc/20250425_113502_00036_sv8h7_19e70bcb-13df-4869-ad7b-cb7f362c26a3.gz
../data/raw/s2orc/20250425_113502_00036_sv8h7_1aff2abe-3179-4ff7-b215-64159926938c.gz
../data/raw/s2orc/20250425_113502_00036_sv8h7_1c843ce1-499a-4fc0-a073-470b6a677795.gz
../data/raw/s2orc/20250425_113502_00036_sv8h7_1e696707-8dcc-4a60-99e0-f85167ed19ad.gz
../data/raw/s2orc/20250425_113502_00036_sv8h7_1f29e4a5-b6c0-44e9-94ce-ebeb61fa2af8.gz
../data/raw/s2orc/20250425_113502_00036_sv8h7_1f9fa429-2c87-412e-9380-0e97955105f1.gz
../data/raw/s2orc/20250425_113502_00036_sv8h7_202da991-7b96-42ac-a7db-2e8b49f788c8.gz
../data/raw/s2orc/20250425_113502_00036_sv8h7_2185eeb1-d604-4f15-ab49-1186eca5e766.gz
../data/raw/s2orc/20250425_113502_00036_sv8h7_21ef0917-1ed3-41b9-836f-7a823aa6aa8d.gz
../data/raw/s2orc/20250425_113502_00036_sv8h7_2357f795-d9b3-4849-826e-e3d22851f280.gz
../data/raw/s2orc/20250425_113502_00036_sv8h7_242f8592-f227-4e4e-b176-d6a1d8764321.gz
../data/raw/s2orc/20250425_113502_00036_sv8h7_25b6b76d-db73-40b4-ba64-5c0fda56f656.gz
../data/raw/s2orc/20250425_113502_00036_sv8h7_25cb5783-8c34-43d3-9249-e58eb1f28791.gz
../data/raw/s2orc/20250425_113502_00036_sv8h7_271203fc-e903-4b9c-9ba5-6b1b73a92819.gz
../data/raw/s2orc/20250425_113502_00036_sv8h7_274a0eab-76fb-46a3-ac36-397f5d589e83.gz
../data/raw/s2orc/20250425_113502_00036_sv8h7_277d7b74-90c9-4f87-9425-5c38e93b0ec6.gz
../data/raw/s2orc/20250425_113502_00036_sv8h7_2793bb62-ae14-4e55-930b-c59f52fa942b.gz
../data/raw/s2orc/20250425_113502_00036_sv8h7_27df1532-50e7-4c97-80ba-9d89569e3eca.gz
../data/raw/s2orc/20250425_113502_00036_sv8h7_2a30712f-ffc3-411d-987a-ebe3aa944ce4.gz
../data/raw/s2orc/20250425_113502_00036_sv8h7_2a82832f-92bf-48de-a9fd-95a569107a84.gz
../data/raw/s2orc/20250425_113502_00036_sv8h7_2b0e8dd3-d130-4013-b0a2-b89da521a5ff.gz
../data/raw/s2orc/20250425_113502_00036_sv8h7_2b5fb5eb-182e-4ad4-8191-8945b853454c.gz
../data/raw/s2orc/20250425_113502_00036_sv8h7_2b813492-29d9-4cb9-b269-7ac0bc8d7fe7.gz
../data/raw/s2orc/20250425_113502_00036_sv8h7_2d5af1e3-887f-43aa-85e4-3f5e595ddaa7.gz
../data/raw/s2orc/20250425_113502_00036_sv8h7_2e78a89b-3088-4d4c-ab59-82a18298d77d.gz
../data/raw/s2orc/20250425_113502_00036_sv8h7_2fc8695f-f341-4cd7-bc87-985cb501af7a.gz
../data/raw/s2orc/20250425_113502_00036_sv8h7_2ff7f78e-e109-4f89-a420-eb11a6d432c7.gz
../data/raw/s2orc/20250425_113502_00036_sv8h7_31bdebbb-4b67-4b42-8f75-4668a70ed19d.gz
../data/raw/s2orc/20250425_113502_00036_sv8h7_32188d0f-70bf-414b-8a1a-0dc15b93aed2.gz
../data/raw/s2orc/20250425_113502_00036_sv8h7_328bf23b-2965-40f6-b0d6-437e06d7a5a1.gz
../data/raw/s2orc/20250425_113502_00036_sv8h7_33699318-3ef5-4b19-9a0d-51967ffcedf4.gz
../data/raw/s2orc/20250425_113502_00036_sv8h7_34b8df66-696b-4b01-807e-94f6db10e786.gz
../data/raw/s2orc/20250425_113502_00036_sv8h7_34fb4c1a-d226-41ae-a55c-83c3fd1aeb40.gz
../data/raw/s2orc/20250425_113502_00036_sv8h7_35458110-e73e-4e16-9523-18a5fa7a75ae.gz
../data/raw/s2orc/20250425_113502_00036_sv8h7_35716b65-e039-4cc9-afea-d99716945456.gz
../data/raw/s2orc/20250425_113502_00036_sv8h7_35eb8147-6cd6-4ea3-bc13-51521dfbbde1.gz
../data/raw/s2orc/20250425_113502_00036_sv8h7_37175559-ba6c-498a-8c23-88572d566633.gz
../data/raw/s2orc/20250425_113502_00036_sv8h7_371f9b43-edeb-4627-84b2-d8c2071a8167.gz
../data/raw/s2orc/20250425_113502_00036_sv8h7_3834bad8-9f1f-437f-a284-19d5ed90a0de.gz
../data/raw/s2orc/20250425_113502_00036_sv8h7_39232860-38ac-4b5e-95f2-01e6d829b6c3.gz
../data/raw/s2orc/20250425_113502_00036_sv8h7_39c29696-e5bf-4e73-8268-75cfe97292f4.gz
../data/raw/s2orc/20250425_113502_00036_sv8h7_3a09f5f8-e47b-4f55-ab00-ae348324d508.gz
../data/raw/s2orc/20250425_113502_00036_sv8h7_3a9a609a-edf6-422b-992b-8dcfb13a1adf.gz
../data/raw/s2orc/20250425_113502_00036_sv8h7_3d56c381-80fc-4869-927f-df7b9be7ff8d.gz
../data/raw/s2orc/20250425_113502_00036_sv8h7_3d9bf4c1-dd5e-4452-af26-f937c4212b2d.gz
../data/raw/s2orc/20250425_113502_00036_sv8h7_3de81003-a997-4068-be77-37b8edd15e64.gz
../data/raw/s2orc/20250425_113502_00036_sv8h7_3f0c53b8-de5d-4442-a6fb-1cd18a079365.gz
../data/raw/s2orc/20250425_113502_00036_sv8h7_3fcdd641-0b29-4dd1-b99e-3ddc9a1df63d.gz
../data/raw/s2orc/20250425_113502_00036_sv8h7_3fcfb4e1-a84a-4518-bdf2-a8e8c162e748.gz
../data/raw/s2orc/20250425_113502_00036_sv8h7_400c91c1-58d0-40eb-a7ce-974e42d3ff50.gz
../data/raw/s2orc/20250425_113502_00036_sv8h7_40565388-928f-434a-89a3-1fd41b94684a.gz
../data/raw/s2orc/20250425_113502_00036_sv8h7_409d5e96-7700-4bc6-bcce-37e541433bc4.gz
../data/raw/s2orc/20250425_113502_00036_sv8h7_412777aa-2286-49ca-b398-eb3f3fa4ed5c.gz
../data/raw/s2orc/20250425_113502_00036_sv8h7_41c3d3e4-1af9-4fbb-8c67-644f5164021d.gz
../data/raw/s2orc/20250425_113502_00036_sv8h7_42e4d869-7bf6-491b-8605-9795cb53a178.gz
../data/raw/s2orc/20250425_113502_00036_sv8h7_42e5ab81-78cb-4cd6-8c8a-e974eddf12a4.gz
../data/raw/s2orc/20250425_113502_00036_sv8h7_446e66bc-1809-404a-ad88-38f78be8f0d1.gz
../data/raw/s2orc/20250425_113502_00036_sv8h7_44749433-1e3c-417a-97ee-7d5eeef09bc9.gz
../data/raw/s2orc/20250425_113502_00036_sv8h7_45567d5c-b763-4fd3-ad7f-c0d164f69386.gz
../data/raw/s2orc/20250425_113502_00036_sv8h7_46f470bb-1c7c-4ac8-a9ef-22b2b9d9128e.gz
../data/raw/s2orc/20250425_113502_00036_sv8h7_476bd9e4-c86d-4712-88d0-05a754800f78.gz
../data/raw/s2orc/20250425_113502_00036_sv8h7_49e1b893-116e-427d-8d2a-df2a85ace69c.gz
../data/raw/s2orc/20250425_113502_00036_sv8h7_4acf4256-76cc-44a6-842b-3bf0aeb70a36.gz
../data/raw/s2orc/20250425_113502_00036_sv8h7_4cbf5bb9-feee-4b49-83ce-8e0f3a6551d8.gz
../data/raw/s2orc/20250425_113502_00036_sv8h7_4d241c97-4b3a-4278-8042-70ee8677ec6b.gz
../data/raw/s2orc/20250425_113502_00036_sv8h7_4fd005b5-312f-446f-a97a-5b7986e892d7.gz
../data/raw/s2orc/20250425_113502_00036_sv8h7_51ce52aa-9017-492f-a5f5-56f7e9cc04b9.gz
../data/raw/s2orc/20250425_113502_00036_sv8h7_51e23723-4a0f-4486-bb08-47d61d4b7b75.gz
../data/raw/s2orc/20250425_113502_00036_sv8h7_5335e9a2-313a-47bc-8ef4-7cde142cdefd.gz
../data/raw/s2orc/20250425_113502_00036_sv8h7_53d3a6da-32d8-47a6-bb76-1b0c16671fa8.gz
../data/raw/s2orc/20250425_113502_00036_sv8h7_54186f8f-0343-43a5-9ad2-cc559ccb24f0.gz
../data/raw/s2orc/20250425_113502_00036_sv8h7_542a14de-6be9-4644-89d2-b426362cba0f.gz
../data/raw/s2orc/20250425_113502_00036_sv8h7_54bf2dd2-162c-47fe-87c6-7139ec83b277.gz
../data/raw/s2orc/20250425_113502_00036_sv8h7_54cb5cab-d85a-4974-9705-94a15a59a266.gz
../data/raw/s2orc/20250425_113502_00036_sv8h7_554370bb-85d2-4b5e-bc4c-4673716e0b01.gz
../data/raw/s2orc/20250425_113502_00036_sv8h7_554fb660-0612-4b25-be61-68ada3f75e07.gz
../data/raw/s2orc/20250425_113502_00036_sv8h7_56dc5a1c-2098-4298-a70e-c519ff1d49e7.gz
../data/raw/s2orc/20250425_113502_00036_sv8h7_57a81f6b-6ccb-4bba-b30b-1032a83d0ead.gz
../data/raw/s2orc/20250425_113502_00036_sv8h7_5928a4c5-7fda-42fd-892f-e49321ba730e.gz
../data/raw/s2orc/20250425_113502_00036_sv8h7_59d35d0d-13cb-4500-9fb7-ed34e1a4f15f.gz
../data/raw/s2orc/20250425_113502_00036_sv8h7_59e5ae16-2d22-47b7-8a76-b2703525d243.gz
../data/raw/s2orc/20250425_113502_00036_sv8h7_5a25431e-5fe3-4a9a-8159-d62fcb69463a.gz
../data/raw/s2orc/20250425_113502_00036_sv8h7_5a43f20f-5051-4bc5-9974-e64c60ea7f2a.gz
../data/raw/s2orc/20250425_113502_00036_sv8h7_5a4d2b31-c637-42b2-8052-405b37e72318.gz
../data/raw/s2orc/20250425_113502_00036_sv8h7_5d27e918-011c-4d25-b7b0-d27e7b3242d6.gz
../data/raw/s2orc/20250425_113502_00036_sv8h7_5d9b0f93-ca10-4782-ae9d-9ca656e65985.gz
../data/raw/s2orc/20250425_113502_00036_sv8h7_5e868da7-b618-4f8e-8d97-24efb76cdc2c.gz
../data/raw/s2orc/20250425_113502_00036_sv8h7_5ecbf7ad-9dcf-4088-90fd-435a9fd8c85e.gz
../data/raw/s2orc/20250425_113502_00036_sv8h7_60068b05-ce6a-4b14-9c0d-decac1d12913.gz
../data/raw/s2orc/20250425_113502_00036_sv8h7_60f3f925-5229-4355-8313-e2953553e858.gz
../data/raw/s2orc/20250425_113502_00036_sv8h7_612d5fc3-a95c-4271-83c5-1f75f30f98fa.gz
../data/raw/s2orc/20250425_113502_00036_sv8h7_614eccbc-0546-4743-91f9-7efab2dbf036.gz
../data/raw/s2orc/20250425_113502_00036_sv8h7_61bd3569-ad11-4402-8a87-10d62a0554bd.gz
../data/raw/s2orc/20250425_113502_00036_sv8h7_621c0265-7450-411b-a595-f773c7515b44.gz
../data/raw/s2orc/20250425_113502_00036_sv8h7_639a60b9-e7c9-4326-b230-1dc29840c292.gz
../data/raw/s2orc/20250425_113502_00036_sv8h7_645ecf63-3bcd-4f0e-b72f-e01d2f64eb8b.gz
../data/raw/s2orc/20250425_113502_00036_sv8h7_64bae173-041f-4c76-a042-bcf33c98ef59.gz
../data/raw/s2orc/20250425_113502_00036_sv8h7_654a9f16-d70d-4699-b462-262f72dba84e.gz
../data/raw/s2orc/20250425_113502_00036_sv8h7_6576e4b2-1a98-4e98-8ac8-fc4a0595d26b.gz
../data/raw/s2orc/20250425_113502_00036_sv8h7_6608caad-e271-4ac9-8b9f-5c4addb95f4b.gz
../data/raw/s2orc/20250425_113502_00036_sv8h7_665418ce-f594-4a0f-bed6-f4024baa9708.gz
../data/raw/s2orc/20250425_113502_00036_sv8h7_6654c132-f6cf-4c5a-bf84-78d38dc675d1.gz
../data/raw/s2orc/20250425_113502_00036_sv8h7_6701de1f-ffa0-4246-b38b-6670b9bfdbf6.gz
../data/raw/s2orc/20250425_113502_00036_sv8h7_6766e263-2123-4384-8bd5-1fd188fc6fd2.gz
../data/raw/s2orc/20250425_113502_00036_sv8h7_6af4c4ea-6706-4445-a006-409570d760b4.gz
../data/raw/s2orc/20250425_113502_00036_sv8h7_6bbccc7f-a0ed-4120-bd43-1535e409fe4b.gz
../data/raw/s2orc/20250425_113502_00036_sv8h7_6c598bc5-8f7b-4e30-9e09-ce93c30579ec.gz
../data/raw/s2orc/20250425_113502_00036_sv8h7_6e5c1301-1705-4457-b522-a341110b0cf6.gz
../data/raw/s2orc/20250425_113502_00036_sv8h7_6e6ee905-04fa-4662-b587-b4bc2797a0bd.gz
../data/raw/s2orc/20250425_113502_00036_sv8h7_6f26cdc6-d2b7-474d-b0f9-05e03516369d.gz
../data/raw/s2orc/20250425_113502_00036_sv8h7_6fadc049-48e0-413e-b5c6-6af58ac51f83.gz
../data/raw/s2orc/20250425_113502_00036_sv8h7_6fd66204-d646-4d93-8cdc-e3dcf1c831de.gz
../data/raw/s2orc/20250425_113502_00036_sv8h7_70172058-0ad1-4a60-8c63-662484e8e213.gz
../data/raw/s2orc/20250425_113502_00036_sv8h7_70425ca5-125a-4737-a4de-b774bf581a11.gz
../data/raw/s2orc/20250425_113502_00036_sv8h7_70496fdf-fdab-4655-a5c9-cac138bdc6ac.gz
../data/raw/s2orc/20250425_113502_00036_sv8h7_7186b915-4d6b-4297-8eb2-7387ecf2c8b8.gz
../data/raw/s2orc/20250425_113502_00036_sv8h7_72fc4573-eb8d-4df2-bfb6-da3822175ff8.gz
../data/raw/s2orc/20250425_113502_00036_sv8h7_7390d920-4ebb-4047-b63f-ae78d33b78bb.gz
../data/raw/s2orc/20250425_113502_00036_sv8h7_75569091-4cf4-4802-8b4e-0467cad46f1b.gz
../data/raw/s2orc/20250425_113502_00036_sv8h7_75826702-bb71-4cdb-9dd8-4699d668e65b.gz
../data/raw/s2orc/20250425_113502_00036_sv8h7_75ebf230-1466-4615-a431-4d3f09eb6e33.gz
../data/raw/s2orc/20250425_113502_00036_sv8h7_75faa7da-f38f-40e6-a845-aa9a97d2fe13.gz
../data/raw/s2orc/20250425_113502_00036_sv8h7_76b0e571-c224-4420-805d-6e687f4bb756.gz
../data/raw/s2orc/20250425_113502_00036_sv8h7_7960282e-b4aa-42cd-91b4-ddad86710c72.gz
../data/raw/s2orc/20250425_113502_00036_sv8h7_7a525503-10c1-45e6-b29e-9e48dde66a60.gz
../data/raw/s2orc/20250425_113502_00036_sv8h7_7a6e5d58-08d4-4a7c-a0e2-9a04434a0552.gz
../data/raw/s2orc/20250425_113502_00036_sv8h7_7a78d47a-39b9-44e6-8694-5d5a5290aa5d.gz
../data/raw/s2orc/20250425_113502_00036_sv8h7_7b376e5a-e6b1-4323-a901-f8c87cd7952b.gz
../data/raw/s2orc/20250425_113502_00036_sv8h7_7f1d4d9d-28f6-4496-bcd8-88f2d96b1576.gz
../data/raw/s2orc/20250425_113502_00036_sv8h7_80921acc-99e5-4007-b440-abecb535a8e9.gz
../data/raw/s2orc/20250425_113502_00036_sv8h7_809e76f1-55d3-457b-b11c-658b3217e97e.gz
../data/raw/s2orc/20250425_113502_00036_sv8h7_81712e07-f01e-455e-a32e-10a2318a9db2.gz
../data/raw/s2orc/20250425_113502_00036_sv8h7_81c78e98-8f0e-48c0-8386-5bbdbfb8a17c.gz
../data/raw/s2orc/20250425_113502_00036_sv8h7_8228e592-49d7-49a3-af96-ec6a5efcb987.gz
../data/raw/s2orc/20250425_113502_00036_sv8h7_824b10da-0a68-4892-9d1a-b9ada42a99d9.gz
../data/raw/s2orc/20250425_113502_00036_sv8h7_82ff4bdb-e0d6-4551-8b81-7d7fe65c24db.gz
../data/raw/s2orc/20250425_113502_00036_sv8h7_8345bfcd-ea7e-4c0e-a23c-650101577f96.gz
../data/raw/s2orc/20250425_113502_00036_sv8h7_84f6f14b-3dc0-47a7-bcd6-fe5e352e66a8.gz
../data/raw/s2orc/20250425_113502_00036_sv8h7_8528dc98-f2f8-4c34-bb85-432e5e562ad1.gz
../data/raw/s2orc/20250425_113502_00036_sv8h7_8544574f-6ad1-4520-9b8e-44c853b83cad.gz
../data/raw/s2orc/20250425_113502_00036_sv8h7_859038b5-f8f6-46ac-bc93-564b2acf9ed3.gz
../data/raw/s2orc/20250425_113502_00036_sv8h7_85f6b924-3ed7-46da-8b31-536bf20079fb.gz
../data/raw/s2orc/20250425_113502_00036_sv8h7_86ebdfc1-8eb6-4af2-b83a-ad7d7d9f3ae8.gz
../data/raw/s2orc/20250425_113502_00036_sv8h7_8890a94a-42e2-449f-b9d6-bc82b5372fa2.gz
../data/raw/s2orc/20250425_113502_00036_sv8h7_8b46efa2-1ea1-41d0-9d63-f62c70dd864d.gz
../data/raw/s2orc/20250425_113502_00036_sv8h7_8cb4c347-518c-4a14-8e24-e1bf96b44d1f.gz
../data/raw/s2orc/20250425_113502_00036_sv8h7_8e3560bb-4db9-4907-bd01-60c1ea4fc989.gz
../data/raw/s2orc/20250425_113502_00036_sv8h7_8e7d9c69-56e7-450f-adfa-887271c82635.gz
../data/raw/s2orc/20250425_113502_00036_sv8h7_8eed924f-d122-4349-86be-027871ed06e0.gz
../data/raw/s2orc/20250425_113502_00036_sv8h7_90242be5-c049-4883-9d57-25dfdda9892c.gz
../data/raw/s2orc/20250425_113502_00036_sv8h7_905d6b42-4cd0-4c0f-98a5-ec8ccb637255.gz
../data/raw/s2orc/20250425_113502_00036_sv8h7_906d21ed-86b6-4698-b9d1-79622c3179fa.gz
../data/raw/s2orc/20250425_113502_00036_sv8h7_90ef5c82-77e8-4b46-91ce-523379e360a7.gz
../data/raw/s2orc/20250425_113502_00036_sv8h7_91b23f6b-709c-4eed-9718-e35324ae7591.gz
../data/raw/s2orc/20250425_113502_00036_sv8h7_928119f5-59af-4a85-ae57-16263574283c.gz
../data/raw/s2orc/20250425_113502_00036_sv8h7_92c9badd-77e8-405d-9eaf-72aa18fd4356.gz
../data/raw/s2orc/20250425_113502_00036_sv8h7_93207972-6c7b-4049-b55c-0c4c6a5a3f6c.gz
../data/raw/s2orc/20250425_113502_00036_sv8h7_932505e5-7e25-492a-b818-fdf238bd4038.gz
../data/raw/s2orc/20250425_113502_00036_sv8h7_950295a2-dd9c-44dc-826c-ac5689c11952.gz
../data/raw/s2orc/20250425_113502_00036_sv8h7_95337751-e9eb-4e48-b248-37936f50dd46.gz
../data/raw/s2orc/20250425_113502_00036_sv8h7_95cc7b5d-7ff5-4098-a853-1d59113d49f4.gz
../data/raw/s2orc/20250425_113502_00036_sv8h7_9788b191-2f65-4af1-9c65-83ec16b994fd.gz
../data/raw/s2orc/20250425_113502_00036_sv8h7_978e4c8a-a8ae-4ab2-96a5-49891db112b2.gz
../data/raw/s2orc/20250425_113502_00036_sv8h7_97bed64d-c14c-4b7f-af13-002734bb9389.gz
../data/raw/s2orc/20250425_113502_00036_sv8h7_9970b0cb-2185-4b8d-9fd8-b6ca21a48ec4.gz
../data/raw/s2orc/20250425_113502_00036_sv8h7_9a7fd102-08e5-4d62-ab1d-18d80e500712.gz
../data/raw/s2orc/20250425_113502_00036_sv8h7_9b3d2f79-117b-4057-a910-7a9962353012.gz
../data/raw/s2orc/20250425_113502_00036_sv8h7_9bb90797-a14e-4ff1-9e29-3116acd4761a.gz
../data/raw/s2orc/20250425_113502_00036_sv8h7_9be64971-2689-40d7-9697-cbe96e41da64.gz
../data/raw/s2orc/20250425_113502_00036_sv8h7_9c7b04e2-9530-4b8d-bcbb-a3fea0e05b60.gz
../data/raw/s2orc/20250425_113502_00036_sv8h7_9f2d2bc3-2291-4e63-b5ba-6f8e6e89aa99.gz
../data/raw/s2orc/20250425_113502_00036_sv8h7_9f498c2e-7080-4c6e-b4d2-f663406dfc81.gz
../data/raw/s2orc/20250425_113502_00036_sv8h7_a00bff77-beed-44bd-a44d-6d57e4d4448d.gz
../data/raw/s2orc/20250425_113502_00036_sv8h7_a02ddb22-06d3-45c4-8b8c-75633e678451.gz
../data/raw/s2orc/20250425_113502_00036_sv8h7_a0941a5d-40e9-4a39-a437-7f398bb0e2d5.gz
../data/raw/s2orc/20250425_113502_00036_sv8h7_a27d50ef-e04b-4908-b9f1-3c865252c462.gz
../data/raw/s2orc/20250425_113502_00036_sv8h7_a29a4ee7-9b1b-438b-9ac3-47ffad7f386b.gz
../data/raw/s2orc/20250425_113502_00036_sv8h7_a31b26c7-6d3f-4370-b29d-acc95e631352.gz
../data/raw/s2orc/20250425_113502_00036_sv8h7_a3306c44-e475-4655-8468-0922c3be3d10.gz
../data/raw/s2orc/20250425_113502_00036_sv8h7_a45a32f8-2d15-443e-a2e9-b85a38c34b24.gz
../data/raw/s2orc/20250425_113502_00036_sv8h7_a5290dd1-e5c2-4a85-b599-7a7ee2c8c16f.gz
../data/raw/s2orc/20250425_113502_00036_sv8h7_a5bb5a94-0f82-4a02-a0b8-0beb57223fc4.gz
../data/raw/s2orc/20250425_113502_00036_sv8h7_a5d00adc-118e-4ff7-bf77-5c7fef4b643e.gz
../data/raw/s2orc/20250425_113502_00036_sv8h7_a79bf82e-b14b-4eb2-a9c3-814fdc632986.gz
../data/raw/s2orc/20250425_113502_00036_sv8h7_a7c8e358-fda4-4f70-ae67-c7179779c7e4.gz
../data/raw/s2orc/20250425_113502_00036_sv8h7_a82b616a-bf10-4057-ab09-745b585f3e4a.gz
../data/raw/s2orc/20250425_113502_00036_sv8h7_a8d63ea6-bd5f-4c8e-a0b7-5bda3cc81035.gz
../data/raw/s2orc/20250425_113502_00036_sv8h7_a98a4501-d727-44a3-abe0-9d20eadaa23e.gz
../data/raw/s2orc/20250425_113502_00036_sv8h7_ac444498-73d3-4b10-a750-9fae035378dc.gz
../data/raw/s2orc/20250425_113502_00036_sv8h7_ad574672-42a6-4d25-895c-629a64b1cf41.gz
../data/raw/s2orc/20250425_113502_00036_sv8h7_ae7db1ce-1881-4b1e-97b7-131f53421280.gz
../data/raw/s2orc/20250425_113502_00036_sv8h7_af8e688b-3291-46e2-9164-9a8ee96bbbae.gz
../data/raw/s2orc/20250425_113502_00036_sv8h7_b08c0781-8a05-46ba-a859-056e8af7784e.gz
../data/raw/s2orc/20250425_113502_00036_sv8h7_b0b034ac-1247-46d1-a713-d1ff40e70f4c.gz
../data/raw/s2orc/20250425_113502_00036_sv8h7_b18ac194-1cec-489e-a405-42a448717d84.gz
../data/raw/s2orc/20250425_113502_00036_sv8h7_b21851ec-cd22-4d2e-a447-ab482470a4d9.gz
../data/raw/s2orc/20250425_113502_00036_sv8h7_b31fc4bd-2ac8-42ac-971e-9cdafcd98166.gz
../data/raw/s2orc/20250425_113502_00036_sv8h7_b3aadfbf-0821-4a9a-b0e4-dfdab0e6d01c.gz
../data/raw/s2orc/20250425_113502_00036_sv8h7_b698c7a5-eaf8-4259-8e3f-045170a23100.gz
../data/raw/s2orc/20250425_113502_00036_sv8h7_b7c65768-65de-4d64-b060-f1f4eaf0fdfc.gz
../data/raw/s2orc/20250425_113502_00036_sv8h7_ba7d97d0-f90a-432b-8987-95ce83f28d95.gz
../data/raw/s2orc/20250425_113502_00036_sv8h7_bb01d4c1-3fdd-42d0-a9ab-87c9e3e2b6b2.gz
../data/raw/s2orc/20250425_113502_00036_sv8h7_bb8bb5fc-e291-4fc2-8807-2cc5f72541ac.gz
../data/raw/s2orc/20250425_113502_00036_sv8h7_bbd65e49-bc0b-424d-978c-fea0d7bf2480.gz
../data/raw/s2orc/20250425_113502_00036_sv8h7_bca8e30a-ab0b-49ac-aa07-9f54a596342e.gz
../data/raw/s2orc/20250425_113502_00036_sv8h7_bd54494b-0dfc-4bbe-847d-04ca55dd3376.gz
../data/raw/s2orc/20250425_113502_00036_sv8h7_bdd10bec-b7d0-4067-9e05-7168d637c0a5.gz
../data/raw/s2orc/20250425_113502_00036_sv8h7_bf59daaa-ba25-45af-a251-4dceb77f1f9c.gz
../data/raw/s2orc/20250425_113502_00036_sv8h7_c13d022f-2bbb-4da1-b3c5-b13d521cac1c.gz
../data/raw/s2orc/20250425_113502_00036_sv8h7_c149533a-215f-46de-a573-b63233ec1db6.gz
../data/raw/s2orc/20250425_113502_00036_sv8h7_c14cb488-b8ae-4f1a-9800-411644f109c4.gz
../data/raw/s2orc/20250425_113502_00036_sv8h7_c2130203-cce9-4dc5-b968-cdec3881fe6e.gz
../data/raw/s2orc/20250425_113502_00036_sv8h7_c38dc784-b728-4f88-86ec-66963c759e95.gz
../data/raw/s2orc/20250425_113502_00036_sv8h7_c3f2aff1-3f34-4ec6-b97e-e2c79b31a35e.gz
../data/raw/s2orc/20250425_113502_00036_sv8h7_c45aeed8-fbe9-4d60-8b85-a05c4e446b6f.gz
../data/raw/s2orc/20250425_113502_00036_sv8h7_c4b094a8-5778-423e-a832-d49ea87b9136.gz
../data/raw/s2orc/20250425_113502_00036_sv8h7_c539a305-9b13-424c-8092-fb34a23f1c02.gz
../data/raw/s2orc/20250425_113502_00036_sv8h7_c5537d9b-d371-45b7-a31c-2db0c047864c.gz
../data/raw/s2orc/20250425_113502_00036_sv8h7_c7c98c96-98b7-493b-b676-2dfe2eb62614.gz
../data/raw/s2orc/20250425_113502_00036_sv8h7_c980d561-781a-47f1-b3a1-82fab1fd92bf.gz
../data/raw/s2orc/20250425_113502_00036_sv8h7_c9c26ba3-fdc7-4c67-8401-40e1dfdf0ae9.gz
../data/raw/s2orc/20250425_113502_00036_sv8h7_cabb569d-cd7f-404d-88b2-882fa3b9d55d.gz
../data/raw/s2orc/20250425_113502_00036_sv8h7_cac16299-0ecc-4f6a-9060-06c305129a91.gz
../data/raw/s2orc/20250425_113502_00036_sv8h7_cb2292f7-3bcb-4437-8cc2-4620bdc5595e.gz
../data/raw/s2orc/20250425_113502_00036_sv8h7_cb5934ac-1d5f-4624-9f3d-ef6300b49406.gz
../data/raw/s2orc/20250425_113502_00036_sv8h7_cbc5b7f5-5837-4377-8b4a-da0e331ae995.gz
../data/raw/s2orc/20250425_113502_00036_sv8h7_ccb54927-0750-42ad-92e7-0b25c95f5955.gz
../data/raw/s2orc/20250425_113502_00036_sv8h7_cd8c9ab4-f026-412f-a94c-437db66def00.gz
../data/raw/s2orc/20250425_113502_00036_sv8h7_ce1e35bf-4ffa-4de6-a768-4e5669017a48.gz
../data/raw/s2orc/20250425_113502_00036_sv8h7_ce5d3cc2-ee5b-4eff-80c9-4b7449633cdd.gz
../data/raw/s2orc/20250425_113502_00036_sv8h7_d0406cb2-e35d-4e2e-b9d5-40e16efda7c9.gz
../data/raw/s2orc/20250425_113502_00036_sv8h7_d069f0c4-fee7-4dae-8e48-90f1215fed8e.gz
../data/raw/s2orc/20250425_113502_00036_sv8h7_d3bf8827-466c-4677-a54f-abf620484d4a.gz
../data/raw/s2orc/20250425_113502_00036_sv8h7_da2f3267-998f-4b91-b747-edfedbdf0a13.gz
../data/raw/s2orc/20250425_113502_00036_sv8h7_da562a9d-e13e-4c3f-9c4c-4a001362386a.gz
../data/raw/s2orc/20250425_113502_00036_sv8h7_da78768f-d12b-4a8b-ba63-21a78792a29c.gz
../data/raw/s2orc/20250425_113502_00036_sv8h7_ddcf0b24-6a19-4b93-98d5-171c6892126f.gz
../data/raw/s2orc/20250425_113502_00036_sv8h7_de2d3400-80bd-4a3a-9789-71757dd7d651.gz
../data/raw/s2orc/20250425_113502_00036_sv8h7_e0fa8307-69da-4dc7-8e8f-eb822f126697.gz
../data/raw/s2orc/20250425_113502_00036_sv8h7_e102660d-75c0-4103-9d15-c49d93dc3290.gz
../data/raw/s2orc/20250425_113502_00036_sv8h7_e2ecc936-7b33-45d5-aba7-7815eb8d461f.gz
../data/raw/s2orc/20250425_113502_00036_sv8h7_e34f6023-5f84-4c4b-b94b-b30fb4ed30dc.gz
../data/raw/s2orc/20250425_113502_00036_sv8h7_e4626a5b-3aa7-4aa1-b267-71d51eddb04c.gz
../data/raw/s2orc/20250425_113502_00036_sv8h7_e70851f0-7857-4cbf-804c-65a19ddde66e.gz
../data/raw/s2orc/20250425_113502_00036_sv8h7_e76840d6-5d18-4661-ba68-f767e7ef1e2d.gz
../data/raw/s2orc/20250425_113502_00036_sv8h7_e7cedf6f-2413-4da4-8f8d-2dd6132ddd2b.gz
../data/raw/s2orc/20250425_113502_00036_sv8h7_ea02e4e1-eedb-4967-b7ce-bb5466aade64.gz
../data/raw/s2orc/20250425_113502_00036_sv8h7_ebe1f266-6a79-4370-b9d1-fc4902733689.gz
../data/raw/s2orc/20250425_113502_00036_sv8h7_ec39b281-50bd-4600-9eff-96176658f6ac.gz
../data/raw/s2orc/20250425_113502_00036_sv8h7_ec49a0dd-56a1-43ad-80e2-ea9db52fbc34.gz
../data/raw/s2orc/20250425_113502_00036_sv8h7_ec5d20b0-9861-42aa-97ca-b83bc6979039.gz
../data/raw/s2orc/20250425_113502_00036_sv8h7_ecc50e87-ad33-4be5-a823-c1183e842028.gz
../data/raw/s2orc/20250425_113502_00036_sv8h7_ed3c447f-0f9e-43cb-83fe-6cd4f7e7d70a.gz
../data/raw/s2orc/20250425_113502_00036_sv8h7_ed770006-ab21-4c52-b962-055582652ead.gz
../data/raw/s2orc/20250425_113502_00036_sv8h7_ee8cb275-f0a5-4e1e-ad0c-b2082bb778e4.gz
../data/raw/s2orc/20250425_113502_00036_sv8h7_eeecf824-42c6-4f7d-b225-4bd717bee49f.gz
../data/raw/s2orc/20250425_113502_00036_sv8h7_f10f6d2a-96b1-4797-beb6-665960ee60d8.gz
../data/raw/s2orc/20250425_113502_00036_sv8h7_f13c094b-1d76-4aba-8a33-c0897818b766.gz
../data/raw/s2orc/20250425_113502_00036_sv8h7_f3d9a2a5-845a-478c-90cb-d00536eda690.gz
../data/raw/s2orc/20250425_113502_00036_sv8h7_f455bdbd-4868-476d-a12d-72fe8df08275.gz
../data/raw/s2orc/20250425_113502_00036_sv8h7_f4e8b7fa-78fa-4625-9b3e-10045d8f9af1.gz
../data/raw/s2orc/20250425_113502_00036_sv8h7_f67cd59f-c622-429c-ba62-e316124aa107.gz
../data/raw/s2orc/20250425_113502_00036_sv8h7_f7179f9d-5c9b-4b02-b713-28841df45bf6.gz
../data/raw/s2orc/20250425_113502_00036_sv8h7_f8dc78b4-c7b1-452c-bea0-5cd69e265521.gz
../data/raw/s2orc/20250425_113502_00036_sv8h7_f9c74744-dc35-425e-8edf-7f1fe624f674.gz
../data/raw/s2orc/20250425_113502_00036_sv8h7_fa7ef7d7-8202-40f7-9459-530880fcc4af.gz
../data/raw/s2orc/20250425_113502_00036_sv8h7_fad7f3b4-9928-4e91-ab9a-7b0aceb555eb.gz
../data/raw/s2orc/20250425_113502_00036_sv8h7_faed0abf-60fa-4bd5-b82c-6a616a224382.gz
../data/raw/s2orc/20250425_113502_00036_sv8h7_fb2f6554-b425-4918-9308-6abeb3df6b14.gz
../data/raw/s2orc/20250425_113502_00036_sv8h7_fc4b1141-fd6a-47b4-837f-afd55bc705b4.gz
../data/raw/s2orc/20250425_113502_00036_sv8h7_fec2d371-df6c-4eab-b907-c83c152e380d.gz
../data/raw/s2orc/20250425_113502_00036_sv8h7_ff8269d1-bdef-4989-ab50-9babb6106861.gz
